<?xml version="1.0" encoding="UTF-8"?>
<!-- Generated by org.testng.reporters.JUnitXMLReporter -->
<testsuite ignored="2" hostname="AKMUKHOP-15P1W" failures="1" tests="1" name="Default test(failed)" time="91.312" errors="0" timestamp="09 Apr 2020 18:43:53 GMT">
  <testcase classname="TestCaseDesktopBrowser.automation.SearchTestCases" name="SearchCustomerBeGeoID" time="36.825">
    <failure type="java.lang.AssertionError" message="Exception Caused: Cannot locate element with text: BEGEO ID
For documentation on this error, please visit: https://www.seleniumhq.org/exceptions/no_such_element.html
Build info: version: &amp;apos;3.141.59&amp;apos;, revision: &amp;apos;e82be7d358&amp;apos;, time: &amp;apos;2018-11-14T08:17:03&amp;apos;
System info: host: &amp;apos;AKMUKHOP-15P1W&amp;apos;, ip: &amp;apos;10.107.73.187&amp;apos;, os.name: &amp;apos;Windows 10&amp;apos;, os.arch: &amp;apos;amd64&amp;apos;, os.version: &amp;apos;10.0&amp;apos;, java.version: &amp;apos;12.0.1&amp;apos;
Driver info: driver.version: unknown">
      <![CDATA[java.lang.AssertionError: Exception Caused: Cannot locate element with text: BEGEO ID
For documentation on this error, please visit: https://www.seleniumhq.org/exceptions/no_such_element.html
Build info: version: '3.141.59', revision: 'e82be7d358', time: '2018-11-14T08:17:03'
System info: host: 'AKMUKHOP-15P1W', ip: '10.107.73.187', os.name: 'Windows 10', os.arch: 'amd64', os.version: '10.0', java.version: '12.0.1'
Driver info: driver.version: unknown
at Validation.AssertionsDesktopBrowser.AssertFailMessage(AssertionsDesktopBrowser.java:51)
at TestCaseDesktopBrowser.automation.SearchTestCases.SearchCustomerBeGeoID(SearchTestCases.java:213)
at HelperClass.CustomListener.RetryFailedTestCases(CustomListener.java:75)
at HelperClass.CustomListener.onFinish(CustomListener.java:65)
... Removed 39 stack frames]]>
    </failure>
  </testcase> <!-- SearchCustomerBeGeoID -->
  <testcase classname="TestCaseDesktopBrowser.automation.SearchTestCases" name="SearchCustomerAccountNumber" time="0.0">
    <ignored/>
  </testcase> <!-- SearchCustomerAccountNumber -->
  <testcase classname="TestCaseDesktopBrowser.automation.SearchTestCases" name="SearchCustomerPartyID" time="0.0">
    <ignored/>
  </testcase> <!-- SearchCustomerPartyID -->
</testsuite> <!-- Default test(failed) -->
