<?xml version="1.0" encoding="UTF-8"?>
<testng-results ignored="0" total="4" passed="3" failed="1" skipped="0">
  <reporter-output>
  </reporter-output>
  <suite started-at="2020-04-16T17:15:26Z" name="Default suite" finished-at="2020-04-16T17:19:21Z" duration-ms="234715">
    <groups>
    </groups>
    <test started-at="2020-04-16T17:15:26Z" name="Default test" finished-at="2020-04-16T17:19:21Z" duration-ms="234715">
      <class name="TestCaseUI.PriceSearchTestCases">
        <test-method is-config="true" signature="reportSetUp()[pri:0, instance:TestCaseUI.PriceSearchTestCases@793be5ca]" started-at="2020-04-16T17:15:25Z" name="reportSetUp" finished-at="2020-04-16T17:15:26Z" duration-ms="1333" status="PASS">
          <reporter-output>
          </reporter-output>
        </test-method> <!-- reportSetUp -->
        <test-method is-config="true" signature="DataSetup()[pri:0, instance:TestCaseUI.PriceSearchTestCases@793be5ca]" started-at="2020-04-16T17:15:28Z" name="DataSetup" finished-at="2020-04-16T17:16:06Z" duration-ms="38457" status="PASS">
          <reporter-output>
          </reporter-output>
        </test-method> <!-- DataSetup -->
        <test-method is-config="true" signature="SetPropertyForWebDriver(org.testng.ITestResult)[pri:0, instance:TestCaseUI.PriceSearchTestCases@793be5ca]" started-at="2020-04-16T17:16:06Z" name="SetPropertyForWebDriver" finished-at="2020-04-16T17:16:06Z" duration-ms="139" status="PASS">
          <params>
            <param index="0">
              <value>
                <![CDATA[[TestResult name=SearchInvalidPriceList status=SUCCESS method=PriceSearchTestCases.SearchInvalidPriceList()[pri:0, instance:TestCaseUI.PriceSearchTestCases@793be5ca] output={null}]]]>
              </value>
            </param>
          </params>
          <reporter-output>
          </reporter-output>
        </test-method> <!-- SetPropertyForWebDriver -->
        <test-method signature="SearchInvalidPriceList()[pri:0, instance:TestCaseUI.PriceSearchTestCases@793be5ca]" started-at="2020-04-16T17:16:06Z" name="SearchInvalidPriceList" description="TC002: Search Product Item of Distribution Catalog" finished-at="2020-04-16T17:17:38Z" duration-ms="91373" status="PASS">
          <reporter-output>
          </reporter-output>
        </test-method> <!-- SearchInvalidPriceList -->
        <test-method is-config="true" signature="TearDown()[pri:0, instance:TestCaseUI.PriceSearchTestCases@793be5ca]" started-at="2020-04-16T17:17:38Z" name="TearDown" finished-at="2020-04-16T17:17:41Z" duration-ms="3414" status="PASS">
          <reporter-output>
          </reporter-output>
        </test-method> <!-- TearDown -->
        <test-method is-config="true" signature="SetPropertyForWebDriver(org.testng.ITestResult)[pri:0, instance:TestCaseUI.PriceSearchTestCases@793be5ca]" started-at="2020-04-16T17:17:41Z" name="SetPropertyForWebDriver" finished-at="2020-04-16T17:17:41Z" duration-ms="136" status="PASS">
          <params>
            <param index="0">
              <value>
                <![CDATA[[TestResult name=SearchSubscriptionItemDistributionCatalog status=SUCCESS method=PriceSearchTestCases.SearchSubscriptionItemDistributionCatalog()[pri:0, instance:TestCaseUI.PriceSearchTestCases@793be5ca] output={null}]]]>
              </value>
            </param>
          </params>
          <reporter-output>
          </reporter-output>
        </test-method> <!-- SetPropertyForWebDriver -->
        <test-method signature="SearchSubscriptionItemDistributionCatalog()[pri:0, instance:TestCaseUI.PriceSearchTestCases@793be5ca]" started-at="2020-04-16T17:17:41Z" name="SearchSubscriptionItemDistributionCatalog" description="TC003: Search Subscription Item of Distribution Catalog" finished-at="2020-04-16T17:18:21Z" duration-ms="40153" status="PASS">
          <reporter-output>
          </reporter-output>
        </test-method> <!-- SearchSubscriptionItemDistributionCatalog -->
        <test-method is-config="true" signature="TearDown()[pri:0, instance:TestCaseUI.PriceSearchTestCases@793be5ca]" started-at="2020-04-16T17:18:21Z" name="TearDown" finished-at="2020-04-16T17:18:24Z" duration-ms="2790" status="PASS">
          <reporter-output>
          </reporter-output>
        </test-method> <!-- TearDown -->
        <test-method is-config="true" signature="SetPropertyForWebDriver(org.testng.ITestResult)[pri:0, instance:TestCaseUI.PriceSearchTestCases@793be5ca]" started-at="2020-04-16T17:18:24Z" name="SetPropertyForWebDriver" finished-at="2020-04-16T17:18:24Z" duration-ms="141" status="PASS">
          <params>
            <param index="0">
              <value>
                <![CDATA[[TestResult name=SearchSubscriptionMandaotryDistributionCatalog status=FAILURE method=PriceSearchTestCases.SearchSubscriptionMandaotryDistributionCatalog()[pri:0, instance:TestCaseUI.PriceSearchTestCases@793be5ca] output={null}]]]>
              </value>
            </param>
          </params>
          <reporter-output>
          </reporter-output>
        </test-method> <!-- SetPropertyForWebDriver -->
        <test-method signature="SearchSubscriptionMandaotryDistributionCatalog()[pri:0, instance:TestCaseUI.PriceSearchTestCases@793be5ca]" started-at="2020-04-16T17:18:24Z" name="SearchSubscriptionMandaotryDistributionCatalog" description="TC004: Search Subscription Mandatory Item of Distribution Catalog" finished-at="2020-04-16T17:18:39Z" duration-ms="14898" status="FAIL">
          <exception class="java.lang.AssertionError">
            <message>
              <![CDATA[Exception Caused: Index 0 out of bounds for length 0]]>
            </message>
            <full-stacktrace>
              <![CDATA[java.lang.AssertionError: Exception Caused: Index 0 out of bounds for length 0
at org.testng.Assert.fail(Assert.java:96)
at Validation.AssertionsDesktopBrowser.AssertFailMessage(AssertionsDesktopBrowser.java:38)
at TestCaseUI.PriceSearchTestCases.SearchSubscriptionMandaotryDistributionCatalog(PriceSearchTestCases.java:214)
at java.base/jdk.internal.reflect.NativeMethodAccessorImpl.invoke0(Native Method)
at java.base/jdk.internal.reflect.NativeMethodAccessorImpl.invoke(NativeMethodAccessorImpl.java:62)
at java.base/jdk.internal.reflect.DelegatingMethodAccessorImpl.invoke(DelegatingMethodAccessorImpl.java:43)
at java.base/java.lang.reflect.Method.invoke(Method.java:567)
at org.testng.internal.MethodInvocationHelper.invokeMethod(MethodInvocationHelper.java:124)
at org.testng.internal.Invoker.invokeMethod(Invoker.java:583)
at org.testng.internal.Invoker.invokeTestMethod(Invoker.java:719)
at org.testng.internal.Invoker.invokeTestMethods(Invoker.java:989)
at org.testng.internal.TestMethodWorker.invokeTestMethods(TestMethodWorker.java:125)
at org.testng.internal.TestMethodWorker.run(TestMethodWorker.java:109)
at org.testng.TestRunner.privateRun(TestRunner.java:648)
at org.testng.TestRunner.run(TestRunner.java:505)
at org.testng.SuiteRunner.runTest(SuiteRunner.java:455)
at org.testng.SuiteRunner.runSequentially(SuiteRunner.java:450)
at org.testng.SuiteRunner.privateRun(SuiteRunner.java:415)
at org.testng.SuiteRunner.run(SuiteRunner.java:364)
at org.testng.SuiteRunnerWorker.runSuite(SuiteRunnerWorker.java:52)
at org.testng.SuiteRunnerWorker.run(SuiteRunnerWorker.java:84)
at org.testng.TestNG.runSuitesSequentially(TestNG.java:1208)
at org.testng.TestNG.runSuitesLocally(TestNG.java:1137)
at org.testng.TestNG.runSuites(TestNG.java:1049)
at org.testng.TestNG.run(TestNG.java:1017)
at org.testng.remote.AbstractRemoteTestNG.run(AbstractRemoteTestNG.java:115)
at org.testng.remote.RemoteTestNG.initAndRun(RemoteTestNG.java:251)
at org.testng.remote.RemoteTestNG.main(RemoteTestNG.java:77)
]]>
            </full-stacktrace>
          </exception> <!-- java.lang.AssertionError -->
          <reporter-output>
          </reporter-output>
        </test-method> <!-- SearchSubscriptionMandaotryDistributionCatalog -->
        <test-method is-config="true" signature="TearDown()[pri:0, instance:TestCaseUI.PriceSearchTestCases@793be5ca]" started-at="2020-04-16T17:18:40Z" name="TearDown" finished-at="2020-04-16T17:18:51Z" duration-ms="11507" status="PASS">
          <reporter-output>
          </reporter-output>
        </test-method> <!-- TearDown -->
        <test-method is-config="true" signature="SetPropertyForWebDriver(org.testng.ITestResult)[pri:0, instance:TestCaseUI.PriceSearchTestCases@793be5ca]" started-at="2020-04-16T17:18:51Z" name="SetPropertyForWebDriver" finished-at="2020-04-16T17:18:52Z" duration-ms="129" status="PASS">
          <params>
            <param index="0">
              <value>
                <![CDATA[[TestResult name=SearchValidPriceList status=SUCCESS method=PriceSearchTestCases.SearchValidPriceList()[pri:0, instance:TestCaseUI.PriceSearchTestCases@793be5ca] output={null}]]]>
              </value>
            </param>
          </params>
          <reporter-output>
          </reporter-output>
        </test-method> <!-- SetPropertyForWebDriver -->
        <test-method signature="SearchValidPriceList()[pri:0, instance:TestCaseUI.PriceSearchTestCases@793be5ca]" started-at="2020-04-16T17:18:52Z" name="SearchValidPriceList" description="TC001: Search Services Item of Distribution Catalog" finished-at="2020-04-16T17:19:13Z" duration-ms="21968" status="PASS">
          <reporter-output>
          </reporter-output>
        </test-method> <!-- SearchValidPriceList -->
        <test-method is-config="true" signature="TearDown()[pri:0, instance:TestCaseUI.PriceSearchTestCases@793be5ca]" started-at="2020-04-16T17:19:13Z" name="TearDown" finished-at="2020-04-16T17:19:16Z" duration-ms="2287" status="PASS">
          <reporter-output>
          </reporter-output>
        </test-method> <!-- TearDown -->
        <test-method is-config="true" signature="DataCleanUp()[pri:0, instance:TestCaseUI.PriceSearchTestCases@793be5ca]" started-at="2020-04-16T17:19:16Z" name="DataCleanUp" finished-at="2020-04-16T17:19:21Z" duration-ms="5304" status="PASS">
          <reporter-output>
          </reporter-output>
        </test-method> <!-- DataCleanUp -->
        <test-method is-config="true" signature="reportFlush()[pri:0, instance:TestCaseUI.PriceSearchTestCases@793be5ca]" started-at="2020-04-16T17:19:22Z" name="reportFlush" finished-at="2020-04-16T17:19:23Z" duration-ms="1226" status="PASS">
          <reporter-output>
          </reporter-output>
        </test-method> <!-- reportFlush -->
      </class> <!-- TestCaseUI.PriceSearchTestCases -->
    </test> <!-- Default test -->
  </suite> <!-- Default suite -->
</testng-results>
