<?xml version="1.0" encoding="UTF-8"?>
<testng-results ignored="2" total="5" passed="2" failed="1" skipped="0">
  <reporter-output>
  </reporter-output>
  <suite started-at="2020-04-10T10:09:22Z" name="SearchCustomer - UI and CR Service" finished-at="2020-04-10T10:13:15Z" duration-ms="233420">
    <groups>
    </groups>
    <test started-at="2020-04-10T10:09:22Z" name="Search Customer TestCases" finished-at="2020-04-10T10:13:15Z" duration-ms="233420">
      <class name="HelperClass.TestBase">
        <test-method is-config="true" signature="reportSetUp()[pri:0, instance:HelperClass.TestBase@7c469c48]" started-at="2020-04-10T10:09:21Z" name="reportSetUp" finished-at="2020-04-10T10:09:22Z" duration-ms="458" status="PASS">
          <reporter-output>
          </reporter-output>
        </test-method> <!-- reportSetUp -->
        <test-method is-config="true" signature="reportFlush()[pri:0, instance:HelperClass.TestBase@7c469c48]" started-at="2020-04-10T10:13:15Z" name="reportFlush" finished-at="2020-04-10T10:13:15Z" duration-ms="8" status="PASS">
          <reporter-output>
          </reporter-output>
        </test-method> <!-- reportFlush -->
      </class> <!-- HelperClass.TestBase -->
      <class name="TestCaseDesktopBrowser.automation.SearchTestCases">
        <test-method is-config="true" signature="DataSetup()[pri:0, instance:TestCaseDesktopBrowser.automation.SearchTestCases@12e61fe6]" started-at="2020-04-10T10:09:22Z" name="DataSetup" finished-at="2020-04-10T10:09:29Z" duration-ms="7461" status="PASS">
          <reporter-output>
          </reporter-output>
        </test-method> <!-- DataSetup -->
        <test-method is-config="true" signature="SetPropertyForWebDriver(org.testng.ITestResult)[pri:0, instance:TestCaseDesktopBrowser.automation.SearchTestCases@12e61fe6]" started-at="2020-04-10T10:09:29Z" name="SetPropertyForWebDriver" finished-at="2020-04-10T10:09:53Z" duration-ms="23599" status="PASS">
          <params>
            <param index="0">
              <value>
                <![CDATA[[TestResult name=SearchCustomerAccountNumber status=FAILURE method=SearchTestCases.SearchCustomerAccountNumber()[pri:0, instance:TestCaseDesktopBrowser.automation.SearchTestCases@12e61fe6] output={null}]]]>
              </value>
            </param>
          </params>
          <reporter-output>
          </reporter-output>
        </test-method> <!-- SetPropertyForWebDriver -->
        <test-method signature="SearchCustomerAccountNumber()[pri:0, instance:TestCaseDesktopBrowser.automation.SearchTestCases@12e61fe6]" started-at="2020-04-10T10:09:53Z" name="SearchCustomerAccountNumber" description="TC009: Search Customer by Account Number" finished-at="2020-04-10T10:10:20Z" duration-ms="27554" status="FAIL">
          <exception class="java.lang.AssertionError">
            <message>
              <![CDATA[Exception Caused: element click intercepted: Element <span kdfid="tpTgglBtn2" kdfapp="edia" kdfpage="header" id="tpTgglBtn2" class="raised" style="float:left;" onclick="toggleTopButton(2);">...</span> is not clickable at point (434, 101). Other element would receive the click: <div class="icwModalWashout" id="icwModalWashout1586513410220" style="height: 873px; width: 1583px;">...</div>
  (Session info: chrome=79.0.3945.88)
Build info: version: '3.141.59', revision: 'e82be7d358', time: '2018-11-14T08:17:03'
System info: host: 'AKMUKHOP-15P1W', ip: '10.107.73.229', os.name: 'Windows 10', os.arch: 'amd64', os.version: '10.0', java.version: '12.0.1'
Driver info: org.openqa.selenium.chrome.ChromeDriver
Capabilities {acceptInsecureCerts: false, browserName: chrome, browserVersion: 79.0.3945.88, chrome: {chromedriverVersion: 78.0.3904.70 (edb9c9f3de024..., userDataDir: C:\Users\akmukhop\AppData\L...}, goog:chromeOptions: {debuggerAddress: localhost:56745}, javascriptEnabled: true, networkConnectionEnabled: false, pageLoadStrategy: normal, platform: XP, platformName: XP, proxy: Proxy(), setWindowRect: true, strictFileInteractability: false, timeouts: {implicit: 0, pageLoad: 300000, script: 30000}, unhandledPromptBehavior: dismiss and notify}
Session ID: 2d1f8fb7f7a0b77697237e486a681a89]]>
            </message>
            <full-stacktrace>
              <![CDATA[java.lang.AssertionError: Exception Caused: element click intercepted: Element <span kdfid="tpTgglBtn2" kdfapp="edia" kdfpage="header" id="tpTgglBtn2" class="raised" style="float:left;" onclick="toggleTopButton(2);">...</span> is not clickable at point (434, 101). Other element would receive the click: <div class="icwModalWashout" id="icwModalWashout1586513410220" style="height: 873px; width: 1583px;">...</div>
  (Session info: chrome=79.0.3945.88)
Build info: version: '3.141.59', revision: 'e82be7d358', time: '2018-11-14T08:17:03'
System info: host: 'AKMUKHOP-15P1W', ip: '10.107.73.229', os.name: 'Windows 10', os.arch: 'amd64', os.version: '10.0', java.version: '12.0.1'
Driver info: org.openqa.selenium.chrome.ChromeDriver
Capabilities {acceptInsecureCerts: false, browserName: chrome, browserVersion: 79.0.3945.88, chrome: {chromedriverVersion: 78.0.3904.70 (edb9c9f3de024..., userDataDir: C:\Users\akmukhop\AppData\L...}, goog:chromeOptions: {debuggerAddress: localhost:56745}, javascriptEnabled: true, networkConnectionEnabled: false, pageLoadStrategy: normal, platform: XP, platformName: XP, proxy: Proxy(), setWindowRect: true, strictFileInteractability: false, timeouts: {implicit: 0, pageLoad: 300000, script: 30000}, unhandledPromptBehavior: dismiss and notify}
Session ID: 2d1f8fb7f7a0b77697237e486a681a89
at org.testng.Assert.fail(Assert.java:96)
at Validation.AssertionsDesktopBrowser.AssertFailMessage(AssertionsDesktopBrowser.java:51)
at TestCaseDesktopBrowser.automation.SearchTestCases.SearchCustomerAccountNumber(SearchTestCases.java:159)
at java.base/jdk.internal.reflect.NativeMethodAccessorImpl.invoke0(Native Method)
at java.base/jdk.internal.reflect.NativeMethodAccessorImpl.invoke(NativeMethodAccessorImpl.java:62)
at java.base/jdk.internal.reflect.DelegatingMethodAccessorImpl.invoke(DelegatingMethodAccessorImpl.java:43)
at java.base/java.lang.reflect.Method.invoke(Method.java:567)
at org.testng.internal.MethodInvocationHelper.invokeMethod(MethodInvocationHelper.java:124)
at org.testng.internal.Invoker.invokeMethod(Invoker.java:583)
at org.testng.internal.Invoker.invokeTestMethod(Invoker.java:719)
at org.testng.internal.Invoker.invokeTestMethods(Invoker.java:989)
at org.testng.internal.TestMethodWorker.invokeTestMethods(TestMethodWorker.java:125)
at org.testng.internal.TestMethodWorker.run(TestMethodWorker.java:109)
at org.testng.TestRunner.privateRun(TestRunner.java:648)
at org.testng.TestRunner.run(TestRunner.java:505)
at org.testng.SuiteRunner.runTest(SuiteRunner.java:455)
at org.testng.SuiteRunner.runSequentially(SuiteRunner.java:450)
at org.testng.SuiteRunner.privateRun(SuiteRunner.java:415)
at org.testng.SuiteRunner.run(SuiteRunner.java:364)
at org.testng.SuiteRunnerWorker.runSuite(SuiteRunnerWorker.java:52)
at org.testng.SuiteRunnerWorker.run(SuiteRunnerWorker.java:84)
at org.testng.TestNG.runSuitesSequentially(TestNG.java:1208)
at org.testng.TestNG.runSuitesLocally(TestNG.java:1137)
at org.testng.TestNG.runSuites(TestNG.java:1049)
at org.testng.TestNG.run(TestNG.java:1017)
at org.testng.remote.AbstractRemoteTestNG.run(AbstractRemoteTestNG.java:115)
at org.testng.remote.RemoteTestNG.initAndRun(RemoteTestNG.java:251)
at org.testng.remote.RemoteTestNG.main(RemoteTestNG.java:77)
]]>
            </full-stacktrace>
          </exception> <!-- java.lang.AssertionError -->
          <reporter-output>
          </reporter-output>
        </test-method> <!-- SearchCustomerAccountNumber -->
        <test-method is-config="true" signature="TearDown()[pri:0, instance:TestCaseDesktopBrowser.automation.SearchTestCases@12e61fe6]" started-at="2020-04-10T10:10:21Z" name="TearDown" finished-at="2020-04-10T10:10:23Z" duration-ms="2120" status="PASS">
          <reporter-output>
          </reporter-output>
        </test-method> <!-- TearDown -->
        <test-method is-config="true" signature="SetPropertyForWebDriver(org.testng.ITestResult)[pri:0, instance:TestCaseDesktopBrowser.automation.SearchTestCases@12e61fe6]" started-at="2020-04-10T10:10:23Z" name="SetPropertyForWebDriver" finished-at="2020-04-10T10:10:44Z" duration-ms="20964" status="PASS">
          <params>
            <param index="0">
              <value>
                <![CDATA[[TestResult name=SearchCustomerBusinessEntityID status=SUCCESS method=SearchTestCases.SearchCustomerBusinessEntityID()[pri:0, instance:TestCaseDesktopBrowser.automation.SearchTestCases@12e61fe6] output={null}]]]>
              </value>
            </param>
          </params>
          <reporter-output>
          </reporter-output>
        </test-method> <!-- SetPropertyForWebDriver -->
        <test-method signature="SearchCustomerBusinessEntityID()[pri:0, instance:TestCaseDesktopBrowser.automation.SearchTestCases@12e61fe6]" started-at="2020-04-10T10:10:44Z" name="SearchCustomerBusinessEntityID" description="TC010: Search Customer by Business Entity ID (BE ID)" finished-at="2020-04-10T10:11:41Z" duration-ms="56513" status="PASS">
          <reporter-output>
          </reporter-output>
        </test-method> <!-- SearchCustomerBusinessEntityID -->
        <test-method is-config="true" signature="TearDown()[pri:0, instance:TestCaseDesktopBrowser.automation.SearchTestCases@12e61fe6]" started-at="2020-04-10T10:11:41Z" name="TearDown" finished-at="2020-04-10T10:11:46Z" duration-ms="5309" status="PASS">
          <reporter-output>
          </reporter-output>
        </test-method> <!-- TearDown -->
        <test-method is-config="true" signature="SetPropertyForWebDriver(org.testng.ITestResult)[pri:0, instance:TestCaseDesktopBrowser.automation.SearchTestCases@12e61fe6]" started-at="2020-04-10T10:11:46Z" name="SetPropertyForWebDriver" finished-at="2020-04-10T10:12:15Z" duration-ms="28385" status="PASS">
          <params>
            <param index="0">
              <value>
                <![CDATA[[TestResult name=SearchCustomerPartyID status=SUCCESS method=SearchTestCases.SearchCustomerPartyID()[pri:0, instance:TestCaseDesktopBrowser.automation.SearchTestCases@12e61fe6] output={null}]]]>
              </value>
            </param>
          </params>
          <reporter-output>
          </reporter-output>
        </test-method> <!-- SetPropertyForWebDriver -->
        <test-method signature="SearchCustomerPartyID()[pri:0, instance:TestCaseDesktopBrowser.automation.SearchTestCases@12e61fe6]" started-at="2020-04-10T10:12:15Z" name="SearchCustomerPartyID" description="TC008: Search Customer by Party ID" finished-at="2020-04-10T10:13:09Z" duration-ms="54872" status="PASS">
          <reporter-output>
          </reporter-output>
        </test-method> <!-- SearchCustomerPartyID -->
        <test-method is-config="true" signature="TearDown()[pri:0, instance:TestCaseDesktopBrowser.automation.SearchTestCases@12e61fe6]" started-at="2020-04-10T10:13:09Z" name="TearDown" finished-at="2020-04-10T10:13:15Z" duration-ms="5242" status="PASS">
          <reporter-output>
          </reporter-output>
        </test-method> <!-- TearDown -->
        <test-method is-config="true" signature="DataCleanUp()[pri:0, instance:TestCaseDesktopBrowser.automation.SearchTestCases@12e61fe6]" started-at="2020-04-10T10:13:15Z" name="DataCleanUp" finished-at="2020-04-10T10:13:15Z" duration-ms="284" status="PASS">
          <reporter-output>
          </reporter-output>
        </test-method> <!-- DataCleanUp -->
      </class> <!-- TestCaseDesktopBrowser.automation.SearchTestCases -->
    </test> <!-- Search Customer TestCases -->
  </suite> <!-- SearchCustomer - UI and CR Service -->
</testng-results>
